{
    "numFailedTestSuites": 1,
    "numFailedTests": 2,
    "numPassedTestSuites": 0,
    "numPassedTests": 2,
    "numPendingTestSuites": 0,
    "numPendingTests": 0,
    "numRuntimeErrorTestSuites": 0,
    "numTodoTests": 0,
    "numTotalTestSuites": 1,
    "numTotalTests": 4,
    "openHandles": [],
    "snapshot": {
      "added": 0,
      "didUpdate": false,
      "failure": false,
      "filesAdded": 0,
      "filesRemoved": 0,
      "filesRemovedList": [],
      "filesUnmatched": 0,
      "filesUpdated": 0,
      "matched": 0,
      "total": 0,
      "unchecked": 0,
      "uncheckedKeysByFile": [],
      "unmatched": 0,
      "updated": 0
    },
    "startTime": 1726635157513,
    "success": false,
    "testResults": [
      {
        "assertionResults": [
          {
            "ancestorTitles": [],
            "duration": 2,
            "failureDetails": [],
            "failureMessages": [],
            "fullName": "adds 1 + 2 to equal 3",
            "invocations": 1,
            "location": null,
            "numPassingAsserts": 1,
            "retryReasons": [],
            "status": "passed",
            "title": "adds 1 + 2 to equal 3"
          },
          {
            "ancestorTitles": [],
            "duration": 0,
            "failureDetails": [],
            "failureMessages": [],
            "fullName": "adds 5 + 5 to equal 10",
            "invocations": 1,
            "location": null,
            "numPassingAsserts": 1,
            "retryReasons": [],
            "status": "passed",
            "title": "adds 5 + 5 to equal 10"
          },
          {
            "ancestorTitles": [],
            "duration": 1,
            "failureDetails": [
              {
                "matcherResult": {
                  "actual": 3,
                  "expected": 4,
                  "message": "\u001b[2mexpect(\u001b[22m\u001b[31mreceived\u001b[39m\u001b[2m).\u001b[22mtoBe\u001b[2m(\u001b[22m\u001b[32mexpected\u001b[39m\u001b[2m) // Object.is equality\u001b[22m\n\nExpected: \u001b[32m4\u001b[39m\nReceived: \u001b[31m3\u001b[39m",
                  "name": "toBe",
                  "pass": false
                }
              }
            ],
            "failureMessages": [
              "Error: \u001b[2mexpect(\u001b[22m\u001b[31mreceived\u001b[39m\u001b[2m).\u001b[22mtoBe\u001b[2m(\u001b[22m\u001b[32mexpected\u001b[39m\u001b[2m) // Object.is equality\u001b[22m\n\nExpected: \u001b[32m4\u001b[39m\nReceived: \u001b[31m3\u001b[39m\n    at Object.toBe (/Users/arajadurai/go/src/github.com/cloudbees/jest-sample/sum.test.js:12:21)\n    at Promise.then.completed (/opt/homebrew/lib/node_modules/jest/node_modules/jest-circus/build/utils.js:298:28)\n    at new Promise (<anonymous>)\n    at callAsyncCircusFn (/opt/homebrew/lib/node_modules/jest/node_modules/jest-circus/build/utils.js:231:10)\n    at _callCircusTest (/opt/homebrew/lib/node_modules/jest/node_modules/jest-circus/build/run.js:316:40)\n    at processTicksAndRejections (node:internal/process/task_queues:105:5)\n    at _runTest (/opt/homebrew/lib/node_modules/jest/node_modules/jest-circus/build/run.js:252:3)\n    at _runTestsForDescribeBlock (/opt/homebrew/lib/node_modules/jest/node_modules/jest-circus/build/run.js:126:9)\n    at run (/opt/homebrew/lib/node_modules/jest/node_modules/jest-circus/build/run.js:71:3)\n    at runAndTransformResultsToJestFormat (/opt/homebrew/lib/node_modules/jest/node_modules/jest-circus/build/legacy-code-todo-rewrite/jestAdapterInit.js:122:21)\n    at jestAdapter (/opt/homebrew/lib/node_modules/jest/node_modules/jest-circus/build/legacy-code-todo-rewrite/jestAdapter.js:79:19)\n    at runTestInternal (/opt/homebrew/lib/node_modules/jest/node_modules/jest-runner/build/runTest.js:367:16)\n    at runTest (/opt/homebrew/lib/node_modules/jest/node_modules/jest-runner/build/runTest.js:444:34)"
            ],
            "fullName": "adds 1 + 2 to equal 4 (this will fail)",
            "invocations": 1,
            "location": null,
            "numPassingAsserts": 0,
            "retryReasons": [],
            "status": "failed",
            "title": "adds 1 + 2 to equal 4 (this will fail)"
          },
          {
            "ancestorTitles": [],
            "duration": 0,
            "failureDetails": [
              {
                "matcherResult": {
                  "actual": 6,
                  "expected": 5,
                  "message": "\u001b[2mexpect(\u001b[22m\u001b[31mreceived\u001b[39m\u001b[2m).\u001b[22mtoBe\u001b[2m(\u001b[22m\u001b[32mexpected\u001b[39m\u001b[2m) // Object.is equality\u001b[22m\n\nExpected: \u001b[32m5\u001b[39m\nReceived: \u001b[31m6\u001b[39m",
                  "name": "toBe",
                  "pass": false
                }
              }
            ],
            "failureMessages": [
              "Error: \u001b[2mexpect(\u001b[22m\u001b[31mreceived\u001b[39m\u001b[2m).\u001b[22mtoBe\u001b[2m(\u001b[22m\u001b[32mexpected\u001b[39m\u001b[2m) // Object.is equality\u001b[22m\n\nExpected: \u001b[32m5\u001b[39m\nReceived: \u001b[31m6\u001b[39m\n    at Object.toBe (/Users/arajadurai/go/src/github.com/cloudbees/jest-sample/sum.test.js:16:21)\n    at Promise.then.completed (/opt/homebrew/lib/node_modules/jest/node_modules/jest-circus/build/utils.js:298:28)\n    at new Promise (<anonymous>)\n    at callAsyncCircusFn (/opt/homebrew/lib/node_modules/jest/node_modules/jest-circus/build/utils.js:231:10)\n    at _callCircusTest (/opt/homebrew/lib/node_modules/jest/node_modules/jest-circus/build/run.js:316:40)\n    at processTicksAndRejections (node:internal/process/task_queues:105:5)\n    at _runTest (/opt/homebrew/lib/node_modules/jest/node_modules/jest-circus/build/run.js:252:3)\n    at _runTestsForDescribeBlock (/opt/homebrew/lib/node_modules/jest/node_modules/jest-circus/build/run.js:126:9)\n    at run (/opt/homebrew/lib/node_modules/jest/node_modules/jest-circus/build/run.js:71:3)\n    at runAndTransformResultsToJestFormat (/opt/homebrew/lib/node_modules/jest/node_modules/jest-circus/build/legacy-code-todo-rewrite/jestAdapterInit.js:122:21)\n    at jestAdapter (/opt/homebrew/lib/node_modules/jest/node_modules/jest-circus/build/legacy-code-todo-rewrite/jestAdapter.js:79:19)\n    at runTestInternal (/opt/homebrew/lib/node_modules/jest/node_modules/jest-runner/build/runTest.js:367:16)\n    at runTest (/opt/homebrew/lib/node_modules/jest/node_modules/jest-runner/build/runTest.js:444:34)"
            ],
            "fullName": "adds 3 + 3 to equal 5 (this will fail)",
            "invocations": 1,
            "location": null,
            "numPassingAsserts": 0,
            "retryReasons": [],
            "status": "failed",
            "title": "adds 3 + 3 to equal 5 (this will fail)"
          }
        ],
        "endTime": 1726635157674,
        "message": "\u001b[1m\u001b[31m  \u001b[1m● \u001b[22m\u001b[1madds 1 + 2 to equal 4 (this will fail)\u001b[39m\u001b[22m\n\n    \u001b[2mexpect(\u001b[22m\u001b[31mreceived\u001b[39m\u001b[2m).\u001b[22mtoBe\u001b[2m(\u001b[22m\u001b[32mexpected\u001b[39m\u001b[2m) // Object.is equality\u001b[22m\n\n    Expected: \u001b[32m4\u001b[39m\n    Received: \u001b[31m3\u001b[39m\n\u001b[2m\u001b[22m\n\u001b[2m    \u001b[0m \u001b[90m 10 |\u001b[39m })\u001b[33m;\u001b[39m\u001b[22m\n\u001b[2m     \u001b[90m 11 |\u001b[39m test(\u001b[32m'adds 1 + 2 to equal 4 (this will fail)'\u001b[39m\u001b[33m,\u001b[39m () \u001b[33m=>\u001b[39m {\u001b[22m\n\u001b[2m    \u001b[31m\u001b[1m>\u001b[22m\u001b[2m\u001b[39m\u001b[90m 12 |\u001b[39m   expect(sum(\u001b[35m1\u001b[39m\u001b[33m,\u001b[39m \u001b[35m2\u001b[39m))\u001b[33m.\u001b[39mtoBe(\u001b[35m4\u001b[39m)\u001b[33m;\u001b[39m\u001b[22m\n\u001b[2m     \u001b[90m    |\u001b[39m                     \u001b[31m\u001b[1m^\u001b[22m\u001b[2m\u001b[39m\u001b[22m\n\u001b[2m     \u001b[90m 13 |\u001b[39m })\u001b[33m;\u001b[39m\u001b[22m\n\u001b[2m     \u001b[90m 14 |\u001b[39m\u001b[22m\n\u001b[2m     \u001b[90m 15 |\u001b[39m test(\u001b[32m'adds 3 + 3 to equal 5 (this will fail)'\u001b[39m\u001b[33m,\u001b[39m () \u001b[33m=>\u001b[39m {\u001b[0m\u001b[22m\n\u001b[2m\u001b[22m\n\u001b[2m      \u001b[2mat Object.toBe (\u001b[22m\u001b[2m\u001b[0m\u001b[36msum.test.js\u001b[39m\u001b[0m\u001b[2m:12:21)\u001b[22m\u001b[2m\u001b[22m\n\n\u001b[1m\u001b[31m  \u001b[1m● \u001b[22m\u001b[1madds 3 + 3 to equal 5 (this will fail)\u001b[39m\u001b[22m\n\n    \u001b[2mexpect(\u001b[22m\u001b[31mreceived\u001b[39m\u001b[2m).\u001b[22mtoBe\u001b[2m(\u001b[22m\u001b[32mexpected\u001b[39m\u001b[2m) // Object.is equality\u001b[22m\n\n    Expected: \u001b[32m5\u001b[39m\n    Received: \u001b[31m6\u001b[39m\n\u001b[2m\u001b[22m\n\u001b[2m    \u001b[0m \u001b[90m 14 |\u001b[39m\u001b[22m\n\u001b[2m     \u001b[90m 15 |\u001b[39m test(\u001b[32m'adds 3 + 3 to equal 5 (this will fail)'\u001b[39m\u001b[33m,\u001b[39m () \u001b[33m=>\u001b[39m {\u001b[22m\n\u001b[2m    \u001b[31m\u001b[1m>\u001b[22m\u001b[2m\u001b[39m\u001b[90m 16 |\u001b[39m   expect(sum(\u001b[35m3\u001b[39m\u001b[33m,\u001b[39m \u001b[35m3\u001b[39m))\u001b[33m.\u001b[39mtoBe(\u001b[35m5\u001b[39m)\u001b[33m;\u001b[39m\u001b[22m\n\u001b[2m     \u001b[90m    |\u001b[39m                     \u001b[31m\u001b[1m^\u001b[22m\u001b[2m\u001b[39m\u001b[22m\n\u001b[2m     \u001b[90m 17 |\u001b[39m })\u001b[33m;\u001b[39m\u001b[22m\n\u001b[2m     \u001b[90m 18 |\u001b[39m\u001b[0m\u001b[22m\n\u001b[2m\u001b[22m\n\u001b[2m      \u001b[2mat Object.toBe (\u001b[22m\u001b[2m\u001b[0m\u001b[36msum.test.js\u001b[39m\u001b[0m\u001b[2m:16:21)\u001b[22m\u001b[2m\u001b[22m\n",
        "name": "/Users/arajadurai/go/src/github.com/cloudbees/jest-sample/sum.test.js",
        "startTime": 1726635157530,
        "status": "failed",
        "summary": ""
      }
    ],
    "wasInterrupted": false
  }