{
    "created":1695464002.909913,
    "duration":0.08925890922546387,
    "exitcode":1,
    "root":"/Users/JaredJesionek/visivo-io/example-projects",
    "environment":{
       
    },
    "summary":{
       "passed":1,
       "failed":2,
       "total":3,
       "collected":3
    },
    "collectors":[
       {
          "nodeid":"",
          "outcome":"passed",
          "result":[
             {
                "nodeid":"python_project/__init__.py",
                "type":"Package"
             },
             {
                "nodeid":"python_project/tests/__init__.py",
                "type":"Package"
             }
          ]
       },
       {
          "nodeid":"python_project/__init__.py",
          "outcome":"passed",
          "result":[
             
          ]
       },
       {
          "nodeid":"python_project/tests/test_functions.py",
          "outcome":"passed",
          "result":[
             {
                "nodeid":"python_project/tests/test_functions.py::test_add_one_valid",
                "type":"Function",
                "lineno":2
             },
             {
                "nodeid":"python_project/tests/test_functions.py::test_add_one_invalid",
                "type":"Function",
                "lineno":5
             },
             {
                "nodeid":"python_project/tests/test_functions.py::test_remove_all_u_invalid",
                "type":"Function",
                "lineno":8
             }
          ]
       },
       {
          "nodeid":"python_project/tests/__init__.py",
          "outcome":"passed",
          "result":[
             {
                "nodeid":"python_project/tests/test_functions.py",
                "type":"Module"
             }
          ]
       }
    ],
    "tests":[
       {
          "nodeid":"python_project/tests/test_functions.py::test_add_one_valid",
          "lineno":2,
          "outcome":"passed",
          "keywords":[
             "test_add_one_valid",
             "test_functions.py",
             "python_project/tests/__init__.py",
             "example-projects"
          ],
          "setup":{
             "duration":0.0009326550000000045,
             "outcome":"passed"
          },
          "call":{
             "duration":0.00030299699999997154,
             "outcome":"passed"
          },
          "teardown":{
             "duration":0.00024398699999994555,
             "outcome":"passed"
          }
       },
       {
          "nodeid":"python_project/tests/test_functions.py::test_add_one_invalid",
          "lineno":5,
          "outcome":"failed",
          "keywords":[
             "test_add_one_invalid",
             "test_functions.py",
             "python_project/tests/__init__.py",
             "example-projects"
          ],
          "setup":{
             "duration":0.00018296400000000768,
             "outcome":"passed"
          },
          "call":{
             "duration":0.0005040689999999959,
             "outcome":"failed",
             "crash":{
                "path":"/Users/JaredJesionek/visivo-io/example-projects/python_project/tests/test_functions.py",
                "lineno":7,
                "message":"assert 3 == 2\n +  where 2 = add_one(1)"
             },
             "traceback":[
                {
                   "path":"python_project/tests/test_functions.py",
                   "lineno":7,
                   "message":"AssertionError"
                }
             ],
             "longrepr":"def test_add_one_invalid():\n>       assert 3 == add_one(1)\nE       assert 3 == 2\nE        +  where 2 = add_one(1)\n\npython_project/tests/test_functions.py:7: AssertionError"
          },
          "teardown":{
             "duration":0.0002710029999999364,
             "outcome":"passed"
          }
       },
       {
          "nodeid":"python_project/tests/test_functions.py::test_remove_all_u_invalid",
          "lineno":8,
          "outcome":"failed",
          "keywords":[
             "test_remove_all_u_invalid",
             "test_functions.py",
             "python_project/tests/__init__.py",
             "example-projects"
          ],
          "setup":{
             "duration":0.00017805699999995372,
             "outcome":"passed"
          },
          "call":{
             "duration":0.000530997000000033,
             "outcome":"failed",
             "crash":{
                "path":"/Users/JaredJesionek/visivo-io/example-projects/python_project/tests/test_functions.py",
                "lineno":10,
                "message":"assert \"Mst Think of Wrds wth 's\" == \"Mst Think of Wrds wth U's\"\n  - Mst Think of Wrds wth U's\n  ?                       -\n  + Mst Think of Wrds wth 's"
             },
             "traceback":[
                {
                   "path":"python_project/tests/test_functions.py",
                   "lineno":10,
                   "message":"AssertionError"
                }
             ],
             "longrepr":"def test_remove_all_u_invalid():\n>       assert \"Mst Think of Wrds wth 's\" == remove_all_u(\"Must Think of Wurds wuth U's\")\nE       assert \"Mst Think of Wrds wth 's\" == \"Mst Think of Wrds wth U's\"\nE         - Mst Think of Wrds wth U's\nE         ?                       -\nE         + Mst Think of Wrds wth 's\n\npython_project/tests/test_functions.py:10: AssertionError"
          },
          "teardown":{
             "duration":0.0002572610000000086,
             "outcome":"passed"
          }
       }
    ]
 }