<?xml version="1.0" encoding="UTF-8"?>
<!-- Generated by org.testng.reporters.JUnitXMLReporter -->
<testsuite hostname="192.168.1.14" failures="0" tests="5" name="Surefire test" time="0.014" errors="0" timestamp="26 Aug 2023 06:23:23 GMT">
  <testcase classname="com.qmetry.testng_demo.CalculatorTest" name="testDivisionException" time="0.001"/>
  <testcase classname="com.qmetry.testng_demo.CalculatorTest" name="testDivison" time="0.001"/>
  <testcase classname="com.qmetry.testng_demo.CalculatorTest" name="testEqual" time="0.001"/>
  <testcase classname="com.qmetry.testng_demo.CalculatorTest" name="testSubstraction" time="0.0"/>
  <testcase classname="com.qmetry.testng_demo.CalculatorTest" name="testSum" time="0.0"/>
</testsuite> <!-- Surefire test -->
