<?xml version="1.0" encoding="UTF-8"?>
<testsuite xmlns:xsi="http://www.w3.org/2001/XMLSchema-instance" xsi:noNamespaceSchemaLocation="https://maven.apache.org/surefire/maven-surefire-plugin/xsd/surefire-test-report.xsd" name="com.qmetry.testng_demo.CalculatorTest" time="0.269" tests="5" errors="0" skipped="0" failures="0">
  <properties>
[...]
</properties>
  <testcase name="testDivisionException" classname="com.qmetry.testng_demo.CalculatorTest" time="0"/>
  <testcase name="testDivison" classname="com.qmetry.testng_demo.CalculatorTest" time="0"/>
  <testcase name="testEqual" classname="com.qmetry.testng_demo.CalculatorTest" time="0"/>
  <testcase name="testSubstraction" classname="com.qmetry.testng_demo.CalculatorTest" time="0"/>
  <testcase name="testSum" classname="com.qmetry.testng_demo.CalculatorTest" time="0.001"/>
</testsuite>